[2018-12-17 15:47:41] INFO [main: CodeCraft-2019.py, 21] car_path is config/car.txt
[2018-12-17 15:47:41] INFO [main: CodeCraft-2019.py, 22] road_path is config/road.txt
[2018-12-17 15:47:41] INFO [main: CodeCraft-2019.py, 23] cross_path is config/cross.txt
[2018-12-17 15:47:41] INFO [main: CodeCraft-2019.py, 24] answer_path is config/answer.txt[2019-03-23 00:30:27] INFO [main: CodeCraft-2019.py, 135] car_path is E:\data\personal\项目\2019华为软件挑战赛\2019软挑-初赛-SDK\SDK\SDK_python\CodeCraft-2019\config\car.txt
[2019-03-23 00:30:27] INFO [main: CodeCraft-2019.py, 136] road_path is E:\data\personal\项目\2019华为软件挑战赛\2019软挑-初赛-SDK\SDK\SDK_python\CodeCraft-2019\config\road.txt
[2019-03-23 00:30:27] INFO [main: CodeCraft-2019.py, 137] cross_path is E:\data\personal\项目\2019华为软件挑战赛\2019软挑-初赛-SDK\SDK\SDK_python\CodeCraft-2019\config\cross.txt
[2019-03-23 00:30:27] INFO [main: CodeCraft-2019.py, 138] answer_path is E:\data\personal\项目\2019华为软件挑战赛\2019软挑-初赛-SDK\SDK\SDK_python\CodeCraft-2019\config\answer.txt
[2019-03-23 00:31:02] INFO [main: CodeCraft-2019.py, 136] car_path is E:\data\personal\项目\2019华为软件挑战赛\2019软挑-初赛-SDK\SDK\SDK_python\CodeCraft-2019\config\car.txt
[2019-03-23 00:31:02] INFO [main: CodeCraft-2019.py, 137] road_path is E:\data\personal\项目\2019华为软件挑战赛\2019软挑-初赛-SDK\SDK\SDK_python\CodeCraft-2019\config\road.txt
[2019-03-23 00:31:02] INFO [main: CodeCraft-2019.py, 138] cross_path is E:\data\personal\项目\2019华为软件挑战赛\2019软挑-初赛-SDK\SDK\SDK_python\CodeCraft-2019\config\cross.txt
[2019-03-23 00:31:02] INFO [main: CodeCraft-2019.py, 139] answer_path is E:\data\personal\项目\2019华为软件挑战赛\2019软挑-初赛-SDK\SDK\SDK_python\CodeCraft-2019\config\answer.txt
[2019-03-23 00:34:46] INFO [main: CodeCraft-2019.py, 136] car_path is E:\data\personal\项目\2019华为软件挑战赛\2019软挑-初赛-SDK\SDK\SDK_python\CodeCraft-2019\config\car.txt
[2019-03-23 00:34:46] INFO [main: CodeCraft-2019.py, 137] road_path is E:\data\personal\项目\2019华为软件挑战赛\2019软挑-初赛-SDK\SDK\SDK_python\CodeCraft-2019\config\road.txt
[2019-03-23 00:34:46] INFO [main: CodeCraft-2019.py, 138] cross_path is E:\data\personal\项目\2019华为软件挑战赛\2019软挑-初赛-SDK\SDK\SDK_python\CodeCraft-2019\config\cross.txt
[2019-03-23 00:34:46] INFO [main: CodeCraft-2019.py, 139] answer_path is E:\data\personal\项目\2019华为软件挑战赛\2019软挑-初赛-SDK\SDK\SDK_python\CodeCraft-2019\config\answer.txt
[2019-03-23 00:36:40] INFO [main: CodeCraft-2019.py, 136] car_path is E:\data\personal\项目\2019华为软件挑战赛\2019软挑-初赛-SDK\SDK\SDK_python\CodeCraft-2019\config\car.txt
[2019-03-23 00:36:40] INFO [main: CodeCraft-2019.py, 137] road_path is E:\data\personal\项目\2019华为软件挑战赛\2019软挑-初赛-SDK\SDK\SDK_python\CodeCraft-2019\config\road.txt
[2019-03-23 00:36:40] INFO [main: CodeCraft-2019.py, 138] cross_path is E:\data\personal\项目\2019华为软件挑战赛\2019软挑-初赛-SDK\SDK\SDK_python\CodeCraft-2019\config\cross.txt
[2019-03-23 00:36:40] INFO [main: CodeCraft-2019.py, 139] answer_path is E:\data\personal\项目\2019华为软件挑战赛\2019软挑-初赛-SDK\SDK\SDK_python\CodeCraft-2019\config\answer.txt
[2019-03-23 00:38:59] INFO [main: CodeCraft-2019.py, 137] car_path is E:\data\personal\项目\2019华为软件挑战赛\2019软挑-初赛-SDK\SDK\SDK_python\CodeCraft-2019\config\car.txt
[2019-03-23 00:38:59] INFO [main: CodeCraft-2019.py, 138] road_path is E:\data\personal\项目\2019华为软件挑战赛\2019软挑-初赛-SDK\SDK\SDK_python\CodeCraft-2019\config\road.txt
[2019-03-23 00:38:59] INFO [main: CodeCraft-2019.py, 139] cross_path is E:\data\personal\项目\2019华为软件挑战赛\2019软挑-初赛-SDK\SDK\SDK_python\CodeCraft-2019\config\cross.txt
[2019-03-23 00:38:59] INFO [main: CodeCraft-2019.py, 140] answer_path is E:\data\personal\项目\2019华为软件挑战赛\2019软挑-初赛-SDK\SDK\SDK_python\CodeCraft-2019\config\answer.txt
[2019-03-23 00:42:53] INFO [main: CodeCraft-2019.py, 137] car_path is E:\data\personal\项目\2019华为软件挑战赛\2019软挑-初赛-SDK\SDK\SDK_python\CodeCraft-2019\config\car.txt
[2019-03-23 00:42:53] INFO [main: CodeCraft-2019.py, 138] road_path is E:\data\personal\项目\2019华为软件挑战赛\2019软挑-初赛-SDK\SDK\SDK_python\CodeCraft-2019\config\road.txt
[2019-03-23 00:42:53] INFO [main: CodeCraft-2019.py, 139] cross_path is E:\data\personal\项目\2019华为软件挑战赛\2019软挑-初赛-SDK\SDK\SDK_python\CodeCraft-2019\config\cross.txt
[2019-03-23 00:42:53] INFO [main: CodeCraft-2019.py, 140] answer_path is E:\data\personal\项目\2019华为软件挑战赛\2019软挑-初赛-SDK\SDK\SDK_python\CodeCraft-2019\config\answer.txt
[2019-03-23 10:05:27] INFO [main: CodeCraft-2019.py, 137] car_path is E:\data\personal\项目\2019华为软件挑战赛\2019软挑-初赛-SDK\SDK\SDK_python\CodeCraft-2019\config\car.txt
[2019-03-23 10:05:27] INFO [main: CodeCraft-2019.py, 138] road_path is E:\data\personal\项目\2019华为软件挑战赛\2019软挑-初赛-SDK\SDK\SDK_python\CodeCraft-2019\config\road.txt
[2019-03-23 10:05:27] INFO [main: CodeCraft-2019.py, 139] cross_path is E:\data\personal\项目\2019华为软件挑战赛\2019软挑-初赛-SDK\SDK\SDK_python\CodeCraft-2019\config\cross.txt
[2019-03-23 10:05:27] INFO [main: CodeCraft-2019.py, 140] answer_path is E:\data\personal\项目\2019华为软件挑战赛\2019软挑-初赛-SDK\SDK\SDK_python\CodeCraft-2019\config\answer.txt
[2019-03-23 10:05:47] INFO [main: CodeCraft-2019.py, 137] car_path is E:\data\personal\项目\2019华为软件挑战赛\2019软挑-初赛-SDK\SDK\SDK_python\CodeCraft-2019\config\car.txt
[2019-03-23 10:05:47] INFO [main: CodeCraft-2019.py, 138] road_path is E:\data\personal\项目\2019华为软件挑战赛\2019软挑-初赛-SDK\SDK\SDK_python\CodeCraft-2019\config\road.txt
[2019-03-23 10:05:47] INFO [main: CodeCraft-2019.py, 139] cross_path is E:\data\personal\项目\2019华为软件挑战赛\2019软挑-初赛-SDK\SDK\SDK_python\CodeCraft-2019\config\cross.txt
[2019-03-23 10:05:47] INFO [main: CodeCraft-2019.py, 140] answer_path is E:\data\personal\项目\2019华为软件挑战赛\2019软挑-初赛-SDK\SDK\SDK_python\CodeCraft-2019\config\answer.txt
[2019-03-23 10:05:49] INFO [main: CodeCraft-2019.py, 137] car_path is E:\data\personal\项目\2019华为软件挑战赛\2019软挑-初赛-SDK\SDK\SDK_python\CodeCraft-2019\config\car.txt
[2019-03-23 10:05:49] INFO [main: CodeCraft-2019.py, 138] road_path is E:\data\personal\项目\2019华为软件挑战赛\2019软挑-初赛-SDK\SDK\SDK_python\CodeCraft-2019\config\road.txt
[2019-03-23 10:05:49] INFO [main: CodeCraft-2019.py, 139] cross_path is E:\data\personal\项目\2019华为软件挑战赛\2019软挑-初赛-SDK\SDK\SDK_python\CodeCraft-2019\config\cross.txt
[2019-03-23 10:05:49] INFO [main: CodeCraft-2019.py, 140] answer_path is E:\data\personal\项目\2019华为软件挑战赛\2019软挑-初赛-SDK\SDK\SDK_python\CodeCraft-2019\config\answer.txt
[2019-03-23 10:06:05] INFO [main: CodeCraft-2019.py, 137] car_path is E:\data\personal\项目\2019华为软件挑战赛\2019软挑-初赛-SDK\SDK\SDK_python\CodeCraft-2019\config\car.txt
[2019-03-23 10:06:05] INFO [main: CodeCraft-2019.py, 138] road_path is E:\data\personal\项目\2019华为软件挑战赛\2019软挑-初赛-SDK\SDK\SDK_python\CodeCraft-2019\config\road.txt
[2019-03-23 10:06:05] INFO [main: CodeCraft-2019.py, 139] cross_path is E:\data\personal\项目\2019华为软件挑战赛\2019软挑-初赛-SDK\SDK\SDK_python\CodeCraft-2019\config\cross.txt
[2019-03-23 10:06:05] INFO [main: CodeCraft-2019.py, 140] answer_path is E:\data\personal\项目\2019华为软件挑战赛\2019软挑-初赛-SDK\SDK\SDK_python\CodeCraft-2019\config\answer.txt
[2019-03-23 10:09:38] INFO [main: CodeCraft-2019.py, 137] car_path is E:\data\personal\项目\2019华为软件挑战赛\2019软挑-初赛-SDK\SDK\SDK_python\CodeCraft-2019\config\car.txt
[2019-03-23 10:09:38] INFO [main: CodeCraft-2019.py, 138] road_path is E:\data\personal\项目\2019华为软件挑战赛\2019软挑-初赛-SDK\SDK\SDK_python\CodeCraft-2019\config\road.txt
[2019-03-23 10:09:38] INFO [main: CodeCraft-2019.py, 139] cross_path is E:\data\personal\项目\2019华为软件挑战赛\2019软挑-初赛-SDK\SDK\SDK_python\CodeCraft-2019\config\cross.txt
[2019-03-23 10:09:38] INFO [main: CodeCraft-2019.py, 140] answer_path is E:\data\personal\项目\2019华为软件挑战赛\2019软挑-初赛-SDK\SDK\SDK_python\CodeCraft-2019\config\answer.txt
[2019-03-23 10:27:55] INFO [main: CodeCraft-2019.py, 137] car_path is E:\data\personal\项目\2019华为软件挑战赛\2019软挑-初赛-SDK\SDK\SDK_python\CodeCraft-2019\config\car.txt
[2019-03-23 10:27:55] INFO [main: CodeCraft-2019.py, 138] road_path is E:\data\personal\项目\2019华为软件挑战赛\2019软挑-初赛-SDK\SDK\SDK_python\CodeCraft-2019\config\road.txt
[2019-03-23 10:27:55] INFO [main: CodeCraft-2019.py, 139] cross_path is E:\data\personal\项目\2019华为软件挑战赛\2019软挑-初赛-SDK\SDK\SDK_python\CodeCraft-2019\config\cross.txt
[2019-03-23 10:27:55] INFO [main: CodeCraft-2019.py, 140] answer_path is E:\data\personal\项目\2019华为软件挑战赛\2019软挑-初赛-SDK\SDK\SDK_python\CodeCraft-2019\config\answer.txt
[2019-03-23 10:29:26] INFO [main: CodeCraft-2019.py, 137] car_path is E:\data\personal\项目\2019华为软件挑战赛\2019软挑-初赛-SDK\SDK\SDK_python\CodeCraft-2019\config\car.txt
[2019-03-23 10:29:26] INFO [main: CodeCraft-2019.py, 138] road_path is E:\data\personal\项目\2019华为软件挑战赛\2019软挑-初赛-SDK\SDK\SDK_python\CodeCraft-2019\config\road.txt
[2019-03-23 10:29:26] INFO [main: CodeCraft-2019.py, 139] cross_path is E:\data\personal\项目\2019华为软件挑战赛\2019软挑-初赛-SDK\SDK\SDK_python\CodeCraft-2019\config\cross.txt
[2019-03-23 10:29:26] INFO [main: CodeCraft-2019.py, 140] answer_path is E:\data\personal\项目\2019华为软件挑战赛\2019软挑-初赛-SDK\SDK\SDK_python\CodeCraft-2019\config\answer.txt
[2019-03-26 16:05:55] INFO [main: CodeCraft-2019.py, 155] car_path is E:\data\personal\项目\2019华为软件挑战赛\华为2019软件精英挑战赛\CodeCraft-2019\config\car.txt
[2019-03-26 16:05:55] INFO [main: CodeCraft-2019.py, 156] road_path is E:\data\personal\项目\2019华为软件挑战赛\华为2019软件精英挑战赛\CodeCraft-2019\config\road.txt
[2019-03-26 16:05:55] INFO [main: CodeCraft-2019.py, 157] cross_path is E:\data\personal\项目\2019华为软件挑战赛\华为2019软件精英挑战赛\CodeCraft-2019\config\cross.txt
[2019-03-26 16:05:55] INFO [main: CodeCraft-2019.py, 158] answer_path is E:\data\personal\项目\2019华为软件挑战赛\华为2019软件精英挑战赛\CodeCraft-2019\config\answer.txt
[2019-03-26 16:08:09] INFO [main: CodeCraft-2019.py, 155] car_path is E:\data\personal\项目\2019华为软件挑战赛\华为2019软件精英挑战赛\CodeCraft-2019\config\car.txt
[2019-03-26 16:08:09] INFO [main: CodeCraft-2019.py, 156] road_path is E:\data\personal\项目\2019华为软件挑战赛\华为2019软件精英挑战赛\CodeCraft-2019\config\road.txt
[2019-03-26 16:08:09] INFO [main: CodeCraft-2019.py, 157] cross_path is E:\data\personal\项目\2019华为软件挑战赛\华为2019软件精英挑战赛\CodeCraft-2019\config\cross.txt
[2019-03-26 16:08:09] INFO [main: CodeCraft-2019.py, 158] answer_path is E:\data\personal\项目\2019华为软件挑战赛\华为2019软件精英挑战赛\CodeCraft-2019\config\answer.txt
[2019-03-26 16:08:47] INFO [main: CodeCraft-2019.py, 155] car_path is E:\data\personal\项目\2019华为软件挑战赛\华为2019软件精英挑战赛\CodeCraft-2019\config\car.txt
[2019-03-26 16:08:47] INFO [main: CodeCraft-2019.py, 156] road_path is E:\data\personal\项目\2019华为软件挑战赛\华为2019软件精英挑战赛\CodeCraft-2019\config\road.txt
[2019-03-26 16:08:47] INFO [main: CodeCraft-2019.py, 157] cross_path is E:\data\personal\项目\2019华为软件挑战赛\华为2019软件精英挑战赛\CodeCraft-2019\config\cross.txt
[2019-03-26 16:08:47] INFO [main: CodeCraft-2019.py, 158] answer_path is E:\data\personal\项目\2019华为软件挑战赛\华为2019软件精英挑战赛\CodeCraft-2019\config\answer.txt
[2019-03-26 16:16:25] INFO [main: CodeCraft-2019.py, 155] car_path is E:\data\personal\项目\2019华为软件挑战赛\华为2019软件精英挑战赛\CodeCraft-2019\config\car.txt
[2019-03-26 16:16:25] INFO [main: CodeCraft-2019.py, 156] road_path is E:\data\personal\项目\2019华为软件挑战赛\华为2019软件精英挑战赛\CodeCraft-2019\config\road.txt
[2019-03-26 16:16:25] INFO [main: CodeCraft-2019.py, 157] cross_path is E:\data\personal\项目\2019华为软件挑战赛\华为2019软件精英挑战赛\CodeCraft-2019\config\cross.txt
[2019-03-26 16:16:25] INFO [main: CodeCraft-2019.py, 158] answer_path is E:\data\personal\项目\2019华为软件挑战赛\华为2019软件精英挑战赛\CodeCraft-2019\config\answer.txt
